This is pdfTeX, Version 3.1415926-2.5-1.40.14 (TeX Live 2013/Debian) (format=pdflatex 2015.7.8)  4 JUN 2017 14:07
entering extended mode
 restricted \write18 enabled.
 %&-line parsing enabled.
**cookbook.tex
(./cookbook.tex
LaTeX2e <2011/06/27>
Babel <3.9h> and hyphenation patterns for 2 languages loaded.
(/usr/share/texlive/texmf-dist/tex/latex/base/article.cls
Document Class: article 2007/10/19 v1.4h Standard LaTeX document class
(/usr/share/texlive/texmf-dist/tex/latex/base/size10.clo
File: size10.clo 2007/10/19 v1.4h Standard LaTeX file (size option)
)
\c@part=\count79
\c@section=\count80
\c@subsection=\count81
\c@subsubsection=\count82
\c@paragraph=\count83
\c@subparagraph=\count84
\c@figure=\count85
\c@table=\count86
\abovecaptionskip=\skip41
\belowcaptionskip=\skip42
\bibindent=\dimen102
)
(/usr/share/texlive/texmf-dist/tex/latex/blindtext/blindtext.sty
Package: blindtext 2012/01/06 V2.0 blindtext-Package

(/usr/share/texlive/texmf-dist/tex/latex/tools/xspace.sty
Package: xspace 2009/10/20 v1.13 Space after command names (DPC,MH)
)
\c@blindtext=\count87
\c@Blindtext=\count88
\c@blind@countparstart=\count89
\blind@countxx=\count90
\blindtext@numBlindtext=\count91
\blind@countyy=\count92
\c@blindlist=\count93
\c@blindlistlevel=\count94
\c@blindlist@level=\count95
\blind@listitem=\count96
\c@blind@listcount=\count97
\c@blind@levelcount=\count98
\blind@mathformula=\count99
\blind@Mathformula=\count100
\c@blind@randomcount=\count101
\c@blind@randommax=\count102
\c@blind@pangramcount=\count103
\c@blind@pangrammax=\count104
)
(/usr/share/texmf/tex/latex/pgf/frontendlayer/tikz.sty
(/usr/share/texmf/tex/latex/pgf/basiclayer/pgf.sty
(/usr/share/texmf/tex/latex/pgf/utilities/pgfrcs.sty
(/usr/share/texmf/tex/generic/pgf/utilities/pgfutil-common.tex
\pgfutil@everybye=\toks14
)
(/usr/share/texmf/tex/generic/pgf/utilities/pgfutil-latex.def
\pgfutil@abb=\box26

(/usr/share/texlive/texmf-dist/tex/latex/ms/everyshi.sty
Package: everyshi 2001/05/15 v3.00 EveryShipout Package (MS)
))
(/usr/share/texmf/tex/generic/pgf/utilities/pgfrcs.code.tex
Package: pgfrcs 2010/10/25 v2.10 (rcs-revision 1.24)
))
Package: pgf 2008/01/15 v2.10 (rcs-revision 1.12)

(/usr/share/texmf/tex/latex/pgf/basiclayer/pgfcore.sty
(/usr/share/texlive/texmf-dist/tex/latex/graphics/graphicx.sty
Package: graphicx 1999/02/16 v1.0f Enhanced LaTeX Graphics (DPC,SPQR)

(/usr/share/texlive/texmf-dist/tex/latex/graphics/keyval.sty
Package: keyval 1999/03/16 v1.13 key=value parser (DPC)
\KV@toks@=\toks15
)
(/usr/share/texlive/texmf-dist/tex/latex/graphics/graphics.sty
Package: graphics 2009/02/05 v1.0o Standard LaTeX Graphics (DPC,SPQR)

(/usr/share/texlive/texmf-dist/tex/latex/graphics/trig.sty
Package: trig 1999/03/16 v1.09 sin cos tan (DPC)
)
(/usr/share/texlive/texmf-dist/tex/latex/latexconfig/graphics.cfg
File: graphics.cfg 2010/04/23 v1.9 graphics configuration of TeX Live
)
Package graphics Info: Driver file: pdftex.def on input line 91.

(/usr/share/texlive/texmf-dist/tex/latex/pdftex-def/pdftex.def
File: pdftex.def 2011/05/27 v0.06d Graphics/color for pdfTeX

(/usr/share/texlive/texmf-dist/tex/generic/oberdiek/infwarerr.sty
Package: infwarerr 2010/04/08 v1.3 Providing info/warning/error messages (HO)
)
(/usr/share/texlive/texmf-dist/tex/generic/oberdiek/ltxcmds.sty
Package: ltxcmds 2011/11/09 v1.22 LaTeX kernel commands for general use (HO)
)
\Gread@gobject=\count105
))
\Gin@req@height=\dimen103
\Gin@req@width=\dimen104
)
(/usr/share/texmf/tex/latex/pgf/systemlayer/pgfsys.sty
(/usr/share/texmf/tex/generic/pgf/systemlayer/pgfsys.code.tex
Package: pgfsys 2010/06/30 v2.10 (rcs-revision 1.37)

(/usr/share/texmf/tex/generic/pgf/utilities/pgfkeys.code.tex
\pgfkeys@pathtoks=\toks16
\pgfkeys@temptoks=\toks17

(/usr/share/texmf/tex/generic/pgf/utilities/pgfkeysfiltered.code.tex
\pgfkeys@tmptoks=\toks18
))
\pgf@x=\dimen105
\pgf@y=\dimen106
\pgf@xa=\dimen107
\pgf@ya=\dimen108
\pgf@xb=\dimen109
\pgf@yb=\dimen110
\pgf@xc=\dimen111
\pgf@yc=\dimen112
\w@pgf@writea=\write3
\r@pgf@reada=\read1
\c@pgf@counta=\count106
\c@pgf@countb=\count107
\c@pgf@countc=\count108
\c@pgf@countd=\count109

(/usr/share/texmf/tex/generic/pgf/systemlayer/pgf.cfg
File: pgf.cfg 2008/05/14  (rcs-revision 1.7)
)
Package pgfsys Info: Driver file for pgf: pgfsys-pdftex.def on input line 900.

(/usr/share/texmf/tex/generic/pgf/systemlayer/pgfsys-pdftex.def
File: pgfsys-pdftex.def 2009/05/22  (rcs-revision 1.26)

(/usr/share/texmf/tex/generic/pgf/systemlayer/pgfsys-common-pdf.def
File: pgfsys-common-pdf.def 2008/05/19  (rcs-revision 1.10)
)))
(/usr/share/texmf/tex/generic/pgf/systemlayer/pgfsyssoftpath.code.tex
File: pgfsyssoftpath.code.tex 2008/07/18  (rcs-revision 1.7)
\pgfsyssoftpath@smallbuffer@items=\count110
\pgfsyssoftpath@bigbuffer@items=\count111
)
(/usr/share/texmf/tex/generic/pgf/systemlayer/pgfsysprotocol.code.tex
File: pgfsysprotocol.code.tex 2006/10/16  (rcs-revision 1.4)
))
(/usr/share/texmf/tex/latex/xcolor/xcolor.sty
Package: xcolor 2007/01/21 v2.11 LaTeX color extensions (UK)

(/usr/share/texlive/texmf-dist/tex/latex/latexconfig/color.cfg
File: color.cfg 2007/01/18 v1.5 color configuration of teTeX/TeXLive
)
Package xcolor Info: Driver file: pdftex.def on input line 225.
Package xcolor Info: Model `cmy' substituted by `cmy0' on input line 1337.
Package xcolor Info: Model `hsb' substituted by `rgb' on input line 1341.
Package xcolor Info: Model `RGB' extended on input line 1353.
Package xcolor Info: Model `HTML' substituted by `rgb' on input line 1355.
Package xcolor Info: Model `Hsb' substituted by `hsb' on input line 1356.
Package xcolor Info: Model `tHsb' substituted by `hsb' on input line 1357.
Package xcolor Info: Model `HSB' substituted by `hsb' on input line 1358.
Package xcolor Info: Model `Gray' substituted by `gray' on input line 1359.
Package xcolor Info: Model `wave' substituted by `hsb' on input line 1360.
)
(/usr/share/texmf/tex/generic/pgf/basiclayer/pgfcore.code.tex
Package: pgfcore 2010/04/11 v2.10 (rcs-revision 1.7)

(/usr/share/texmf/tex/generic/pgf/math/pgfmath.code.tex
(/usr/share/texmf/tex/generic/pgf/math/pgfmathcalc.code.tex
(/usr/share/texmf/tex/generic/pgf/math/pgfmathutil.code.tex)
(/usr/share/texmf/tex/generic/pgf/math/pgfmathparser.code.tex
\pgfmath@dimen=\dimen113
\pgfmath@count=\count112
\pgfmath@box=\box27
\pgfmath@toks=\toks19
\pgfmath@stack@operand=\toks20
\pgfmath@stack@operation=\toks21
)
(/usr/share/texmf/tex/generic/pgf/math/pgfmathfunctions.code.tex
(/usr/share/texmf/tex/generic/pgf/math/pgfmathfunctions.basic.code.tex)
(/usr/share/texmf/tex/generic/pgf/math/pgfmathfunctions.trigonometric.code.tex)
(/usr/share/texmf/tex/generic/pgf/math/pgfmathfunctions.random.code.tex)
(/usr/share/texmf/tex/generic/pgf/math/pgfmathfunctions.comparison.code.tex)
(/usr/share/texmf/tex/generic/pgf/math/pgfmathfunctions.base.code.tex)
(/usr/share/texmf/tex/generic/pgf/math/pgfmathfunctions.round.code.tex)
(/usr/share/texmf/tex/generic/pgf/math/pgfmathfunctions.misc.code.tex)))
(/usr/share/texmf/tex/generic/pgf/math/pgfmathfloat.code.tex
\c@pgfmathroundto@lastzeros=\count113
))
(/usr/share/texmf/tex/generic/pgf/basiclayer/pgfcorepoints.code.tex
File: pgfcorepoints.code.tex 2010/04/09  (rcs-revision 1.20)
\pgf@picminx=\dimen114
\pgf@picmaxx=\dimen115
\pgf@picminy=\dimen116
\pgf@picmaxy=\dimen117
\pgf@pathminx=\dimen118
\pgf@pathmaxx=\dimen119
\pgf@pathminy=\dimen120
\pgf@pathmaxy=\dimen121
\pgf@xx=\dimen122
\pgf@xy=\dimen123
\pgf@yx=\dimen124
\pgf@yy=\dimen125
\pgf@zx=\dimen126
\pgf@zy=\dimen127
)
(/usr/share/texmf/tex/generic/pgf/basiclayer/pgfcorepathconstruct.code.tex
File: pgfcorepathconstruct.code.tex 2010/08/03  (rcs-revision 1.24)
\pgf@path@lastx=\dimen128
\pgf@path@lasty=\dimen129
)
(/usr/share/texmf/tex/generic/pgf/basiclayer/pgfcorepathusage.code.tex
File: pgfcorepathusage.code.tex 2008/04/22  (rcs-revision 1.12)
\pgf@shorten@end@additional=\dimen130
\pgf@shorten@start@additional=\dimen131
)
(/usr/share/texmf/tex/generic/pgf/basiclayer/pgfcorescopes.code.tex
File: pgfcorescopes.code.tex 2010/09/08  (rcs-revision 1.34)
\pgfpic=\box28
\pgf@hbox=\box29
\pgf@layerbox@main=\box30
\pgf@picture@serial@count=\count114
)
(/usr/share/texmf/tex/generic/pgf/basiclayer/pgfcoregraphicstate.code.tex
File: pgfcoregraphicstate.code.tex 2008/04/22  (rcs-revision 1.9)
\pgflinewidth=\dimen132
)
(/usr/share/texmf/tex/generic/pgf/basiclayer/pgfcoretransformations.code.tex
File: pgfcoretransformations.code.tex 2009/06/10  (rcs-revision 1.11)
\pgf@pt@x=\dimen133
\pgf@pt@y=\dimen134
\pgf@pt@temp=\dimen135
)
(/usr/share/texmf/tex/generic/pgf/basiclayer/pgfcorequick.code.tex
File: pgfcorequick.code.tex 2008/10/09  (rcs-revision 1.3)
)
(/usr/share/texmf/tex/generic/pgf/basiclayer/pgfcoreobjects.code.tex
File: pgfcoreobjects.code.tex 2006/10/11  (rcs-revision 1.2)
)
(/usr/share/texmf/tex/generic/pgf/basiclayer/pgfcorepathprocessing.code.tex
File: pgfcorepathprocessing.code.tex 2008/10/09  (rcs-revision 1.8)
)
(/usr/share/texmf/tex/generic/pgf/basiclayer/pgfcorearrows.code.tex
File: pgfcorearrows.code.tex 2008/04/23  (rcs-revision 1.11)
)
(/usr/share/texmf/tex/generic/pgf/basiclayer/pgfcoreshade.code.tex
File: pgfcoreshade.code.tex 2008/11/23  (rcs-revision 1.13)
\pgf@max=\dimen136
\pgf@sys@shading@range@num=\count115
)
(/usr/share/texmf/tex/generic/pgf/basiclayer/pgfcoreimage.code.tex
File: pgfcoreimage.code.tex 2010/03/25  (rcs-revision 1.16)

(/usr/share/texmf/tex/generic/pgf/basiclayer/pgfcoreexternal.code.tex
File: pgfcoreexternal.code.tex 2010/09/01  (rcs-revision 1.17)
\pgfexternal@startupbox=\box31
))
(/usr/share/texmf/tex/generic/pgf/basiclayer/pgfcorelayers.code.tex
File: pgfcorelayers.code.tex 2010/08/27  (rcs-revision 1.2)
)
(/usr/share/texmf/tex/generic/pgf/basiclayer/pgfcoretransparency.code.tex
File: pgfcoretransparency.code.tex 2008/01/17  (rcs-revision 1.2)
)
(/usr/share/texmf/tex/generic/pgf/basiclayer/pgfcorepatterns.code.tex
File: pgfcorepatterns.code.tex 2009/07/02  (rcs-revision 1.3)
)))
(/usr/share/texmf/tex/generic/pgf/modules/pgfmoduleshapes.code.tex
File: pgfmoduleshapes.code.tex 2010/09/09  (rcs-revision 1.13)
\pgfnodeparttextbox=\box32
)
(/usr/share/texmf/tex/generic/pgf/modules/pgfmoduleplot.code.tex
File: pgfmoduleplot.code.tex 2010/10/22  (rcs-revision 1.8)
)
(/usr/share/texmf/tex/latex/pgf/compatibility/pgfcomp-version-0-65.sty
Package: pgfcomp-version-0-65 2007/07/03 v2.10 (rcs-revision 1.7)
\pgf@nodesepstart=\dimen137
\pgf@nodesepend=\dimen138
)
(/usr/share/texmf/tex/latex/pgf/compatibility/pgfcomp-version-1-18.sty
Package: pgfcomp-version-1-18 2007/07/23 v2.10 (rcs-revision 1.1)
))
(/usr/share/texmf/tex/latex/pgf/utilities/pgffor.sty
(/usr/share/texmf/tex/latex/pgf/utilities/pgfkeys.sty
(/usr/share/texmf/tex/generic/pgf/utilities/pgfkeys.code.tex))
(/usr/share/texmf/tex/generic/pgf/utilities/pgffor.code.tex
Package: pgffor 2010/03/23 v2.10 (rcs-revision 1.18)
\pgffor@iter=\dimen139
\pgffor@skip=\dimen140
\pgffor@stack=\toks22
\pgffor@toks=\toks23
))
(/usr/share/texmf/tex/generic/pgf/frontendlayer/tikz/tikz.code.tex
Package: tikz 2010/10/13 v2.10 (rcs-revision 1.76)

(/usr/share/texmf/tex/generic/pgf/libraries/pgflibraryplothandlers.code.tex
File: pgflibraryplothandlers.code.tex 2010/05/31 v2.10 (rcs-revision 1.15)
\pgf@plot@mark@count=\count116
\pgfplotmarksize=\dimen141
)
\tikz@lastx=\dimen142
\tikz@lasty=\dimen143
\tikz@lastxsaved=\dimen144
\tikz@lastysaved=\dimen145
\tikzleveldistance=\dimen146
\tikzsiblingdistance=\dimen147
\tikz@figbox=\box33
\tikz@tempbox=\box34
\tikztreelevel=\count117
\tikznumberofchildren=\count118
\tikznumberofcurrentchild=\count119
\tikz@fig@count=\count120

(/usr/share/texmf/tex/generic/pgf/modules/pgfmodulematrix.code.tex
File: pgfmodulematrix.code.tex 2010/08/24  (rcs-revision 1.4)
\pgfmatrixcurrentrow=\count121
\pgfmatrixcurrentcolumn=\count122
\pgf@matrix@numberofcolumns=\count123
)
\tikz@expandcount=\count124

(/usr/share/texmf/tex/generic/pgf/frontendlayer/tikz/libraries/tikzlibrarytopat
hs.code.tex
File: tikzlibrarytopaths.code.tex 2008/06/17 v2.10 (rcs-revision 1.2)
)))
(/usr/share/texmf/tex/generic/pgf/frontendlayer/tikz/libraries/tikzlibrarycalc.
code.tex
File: tikzlibrarycalc.code.tex 2009/09/04 v2.10 (rcs-revision 1.6)
) (/usr/share/texlive/texmf-dist/tex/latex/wrapfig/wrapfig.sty
\wrapoverhang=\dimen148
\WF@size=\dimen149
\c@WF@wrappedlines=\count125
\WF@box=\box35
\WF@everypar=\toks24
Package: wrapfig 2003/01/31  v 3.6
)
(/usr/share/texlive/texmf-dist/tex/latex/enumitem/enumitem.sty
Package: enumitem 2011/09/28 v3.5.2 Customized lists
\labelindent=\skip43
\enit@outerparindent=\dimen150
\enit@toks=\toks25
\enit@inbox=\box36
\enitdp@description=\count126
)
(/usr/share/texlive/texmf-dist/tex/latex/geometry/geometry.sty
Package: geometry 2010/09/12 v5.6 Page Geometry

(/usr/share/texlive/texmf-dist/tex/generic/oberdiek/ifpdf.sty
Package: ifpdf 2011/01/30 v2.3 Provides the ifpdf switch (HO)
Package ifpdf Info: pdfTeX in PDF mode is detected.
)
(/usr/share/texlive/texmf-dist/tex/generic/oberdiek/ifvtex.sty
Package: ifvtex 2010/03/01 v1.5 Detect VTeX and its facilities (HO)
Package ifvtex Info: VTeX not detected.
)
(/usr/share/texlive/texmf-dist/tex/generic/ifxetex/ifxetex.sty
Package: ifxetex 2010/09/12 v0.6 Provides ifxetex conditional
)
\Gm@cnth=\count127
\Gm@cntv=\count128
\c@Gm@tempcnt=\count129
\Gm@bindingoffset=\dimen151
\Gm@wd@mp=\dimen152
\Gm@odd@mp=\dimen153
\Gm@even@mp=\dimen154
\Gm@layoutwidth=\dimen155
\Gm@layoutheight=\dimen156
\Gm@layouthoffset=\dimen157
\Gm@layoutvoffset=\dimen158
\Gm@dimlist=\toks26
)
(/usr/share/texlive/texmf-dist/tex/latex/fancyhdr/fancyhdr.sty
\fancy@headwidth=\skip44
\f@ncyO@elh=\skip45
\f@ncyO@erh=\skip46
\f@ncyO@olh=\skip47
\f@ncyO@orh=\skip48
\f@ncyO@elf=\skip49
\f@ncyO@erf=\skip50
\f@ncyO@olf=\skip51
\f@ncyO@orf=\skip52
)
(/usr/share/texlive/texmf-dist/tex/latex/lipsum/lipsum.sty
Package: lipsum 2011/04/14 v1.2 150 paragraphs of Lorem Ipsum dummy text
\c@lips@count=\count130
)
(/usr/share/texlive/texmf-dist/tex/latex/was/gensymb.sty
Package: gensymb 2003/07/02 v1.0 (WaS)
) (./cookbook.aux)
\openout1 = `cookbook.aux'.

LaTeX Font Info:    Checking defaults for OML/cmm/m/it on input line 31.
LaTeX Font Info:    ... okay on input line 31.
LaTeX Font Info:    Checking defaults for T1/cmr/m/n on input line 31.
LaTeX Font Info:    ... okay on input line 31.
LaTeX Font Info:    Checking defaults for OT1/cmr/m/n on input line 31.
LaTeX Font Info:    ... okay on input line 31.
LaTeX Font Info:    Checking defaults for OMS/cmsy/m/n on input line 31.
LaTeX Font Info:    ... okay on input line 31.
LaTeX Font Info:    Checking defaults for OMX/cmex/m/n on input line 31.
LaTeX Font Info:    ... okay on input line 31.
LaTeX Font Info:    Checking defaults for U/cmr/m/n on input line 31.
LaTeX Font Info:    ... okay on input line 31.

ABD: EveryShipout initializing macros
(/usr/share/texlive/texmf-dist/tex/context/base/supp-pdf.mkii
[Loading MPS to PDF converter (version 2006.09.02).]
\scratchcounter=\count131
\scratchdimen=\dimen159
\scratchbox=\box37
\nofMPsegments=\count132
\nofMParguments=\count133
\everyMPshowfont=\toks27
\MPscratchCnt=\count134
\MPscratchDim=\dimen160
\MPnumerator=\count135
\makeMPintoPDFobject=\count136
\everyMPtoPDFconversion=\toks28
) (/usr/share/texlive/texmf-dist/tex/generic/oberdiek/pdftexcmds.sty
Package: pdftexcmds 2011/11/29 v0.20 Utility functions of pdfTeX for LuaTeX (HO
)

(/usr/share/texlive/texmf-dist/tex/generic/oberdiek/ifluatex.sty
Package: ifluatex 2010/03/01 v1.3 Provides the ifluatex switch (HO)
Package ifluatex Info: LuaTeX not detected.
)
Package pdftexcmds Info: LuaTeX not detected.
Package pdftexcmds Info: \pdf@primitive is available.
Package pdftexcmds Info: \pdf@ifprimitive is available.
Package pdftexcmds Info: \pdfdraftmode found.
)
(/usr/share/texlive/texmf-dist/tex/latex/oberdiek/epstopdf-base.sty
Package: epstopdf-base 2010/02/09 v2.5 Base part for package epstopdf

(/usr/share/texlive/texmf-dist/tex/latex/oberdiek/grfext.sty
Package: grfext 2010/08/19 v1.1 Manage graphics extensions (HO)

(/usr/share/texlive/texmf-dist/tex/generic/oberdiek/kvdefinekeys.sty
Package: kvdefinekeys 2011/04/07 v1.3 Define keys (HO)
))
(/usr/share/texlive/texmf-dist/tex/latex/oberdiek/kvoptions.sty
Package: kvoptions 2011/06/30 v3.11 Key value format for package options (HO)

(/usr/share/texlive/texmf-dist/tex/generic/oberdiek/kvsetkeys.sty
Package: kvsetkeys 2012/04/25 v1.16 Key value parser (HO)

(/usr/share/texlive/texmf-dist/tex/generic/oberdiek/etexcmds.sty
Package: etexcmds 2011/02/16 v1.5 Avoid name clashes with e-TeX commands (HO)
Package etexcmds Info: Could not find \expanded.
(etexcmds)             That can mean that you are not using pdfTeX 1.50 or
(etexcmds)             that some package has redefined \expanded.
(etexcmds)             In the latter case, load this package earlier.
)))
Package grfext Info: Graphics extension search list:
(grfext)             [.png,.pdf,.jpg,.mps,.jpeg,.jbig2,.jb2,.PNG,.PDF,.JPG,.JPE
G,.JBIG2,.JB2,.eps]
(grfext)             \AppendGraphicsExtensions on input line 452.

(/usr/share/texlive/texmf-dist/tex/latex/latexconfig/epstopdf-sys.cfg
File: epstopdf-sys.cfg 2010/07/13 v1.3 Configuration of (r)epstopdf for TeX Liv
e
))
*geometry* driver: auto-detecting
*geometry* detected driver: pdftex
*geometry* verbose mode - [ preamble ] result:
* driver: pdftex
* paper: custom
* layout: <same size as paper>
* layoutoffset:(h,v)=(0.0pt,0.0pt)
* modes: 
* h-part:(L,W,R)=(72.26999pt, 451.68752pt, 72.26999pt)
* v-part:(T,H,B)=(72.26999pt, 451.68752pt, 72.26999pt)
* \paperwidth=596.2275pt
* \paperheight=596.2275pt
* \textwidth=451.68752pt
* \textheight=451.68752pt
* \oddsidemargin=0.0pt
* \evensidemargin=0.0pt
* \topmargin=-37.0pt
* \headheight=12.0pt
* \headsep=25.0pt
* \topskip=10.0pt
* \footskip=30.0pt
* \marginparwidth=65.0pt
* \marginparsep=11.0pt
* \columnsep=10.0pt
* \skip\footins=9.0pt plus 4.0pt minus 2.0pt
* \hoffset=0.0pt
* \voffset=0.0pt
* \mag=1000
* \@twocolumnfalse
* \@twosidefalse
* \@mparswitchfalse
* \@reversemarginfalse
* (1in=72.27pt=25.4mm, 1cm=28.453pt)

LaTeX Info: Redefining \celsius on input line 31.
Package gensymb Info: Faking symbols for \degree and \celsius on input line 31.


Package gensymb Warning: Not defining \perthousand.

LaTeX Info: Redefining \ohm on input line 31.
Package gensymb Info: Using \Omega for \ohm on input line 31.

Package gensymb Warning: Not defining \micro.

LaTeX Font Info:    External font `cmex10' loaded for size
(Font)              <12> on input line 33.
LaTeX Font Info:    External font `cmex10' loaded for size
(Font)              <8> on input line 33.
LaTeX Font Info:    External font `cmex10' loaded for size
(Font)              <6> on input line 33.
[1

{/var/lib/texmf/fonts/map/pdftex/updmap/pdftex.map}] (./cookbook.toc)
\tf@toc=\write4
\openout4 = `cookbook.toc'.

\imagewidth=\skip53

[2]
</home/rachel/Documents/Cookbook/Pictures/20151107_191308.jpg, id=17, 3276.24pt
 x 2457.18pt>
File: /home/rachel/Documents/Cookbook/Pictures/20151107_191308.jpg Graphic file
 (type jpg)

<use /home/rachel/Documents/Cookbook/Pictures/20151107_191308.jpg>
Package pdftex.def Info: /home/rachel/Documents/Cookbook/Pictures/20151107_1913
08.jpg used on input line 58.
(pdftex.def)             Requested size: 3276.23206pt x 2457.17403pt.
 [3]
*geometry* verbose mode - [ newgeometry ] result:
* driver: pdftex
* paper: custom
* layout: <same size as paper>
* layoutoffset:(h,v)=(0.0pt,0.0pt)
* modes: 
* h-part:(L,W,R)=(0.0pt, 596.2275pt, 0.0pt)
* v-part:(T,H,B)=(0.0pt, 596.2275pt, 0.0pt)
* \paperwidth=596.2275pt
* \paperheight=596.2275pt
* \textwidth=596.2275pt
* \textheight=596.2275pt
* \oddsidemargin=-72.26999pt
* \evensidemargin=-72.26999pt
* \topmargin=-109.26999pt
* \headheight=12.0pt
* \headsep=25.0pt
* \topskip=10.0pt
* \footskip=30.0pt
* \marginparwidth=65.0pt
* \marginparsep=11.0pt
* \columnsep=10.0pt
* \skip\footins=9.0pt plus 4.0pt minus 2.0pt
* \hoffset=0.0pt
* \voffset=0.0pt
* \mag=1000
* \@twocolumnfalse
* \@twosidefalse
* \@mparswitchfalse
* \@reversemarginfalse
* (1in=72.27pt=25.4mm, 1cm=28.453pt)



LaTeX Warning: No positions in optional float specifier.
               Default added (so using `tbp') on input line 61.

File: /home/rachel/Documents/Cookbook/Pictures/20151107_191308.jpg Graphic file
 (type jpg)
<use /home/rachel/Documents/Cookbook/Pictures/20151107_191308.jpg>
Package pdftex.def Info: /home/rachel/Documents/Cookbook/Pictures/20151107_1913
08.jpg used on input line 62.
(pdftex.def)             Requested size: 596.2275pt x 596.22163pt.
 [4 </home/rachel/Documents/Cookbook/Pictures/20151107_191308.jpg>]
*geometry* verbose mode - [ newgeometry ] result:
* driver: pdftex
* paper: custom
* layout: <same size as paper>
* layoutoffset:(h,v)=(0.0pt,0.0pt)
* modes: 
* h-part:(L,W,R)=(89.43503pt, 506.79247pt, 0.0pt)
* v-part:(T,H,B)=(71.548pt, 417.35742pt, 107.32207pt)
* \paperwidth=596.2275pt
* \paperheight=596.2275pt
* \textwidth=506.79247pt
* \textheight=417.35742pt
* \oddsidemargin=17.16504pt
* \evensidemargin=17.16504pt
* \topmargin=-37.72198pt
* \headheight=12.0pt
* \headsep=25.0pt
* \topskip=10.0pt
* \footskip=30.0pt
* \marginparwidth=65.0pt
* \marginparsep=11.0pt
* \columnsep=10.0pt
* \skip\footins=9.0pt plus 4.0pt minus 2.0pt
* \hoffset=0.0pt
* \voffset=0.0pt
* \mag=1000
* \@twocolumnfalse
* \@twosidefalse
* \@mparswitchfalse
* \@reversemarginfalse
* (1in=72.27pt=25.4mm, 1cm=28.453pt)


</home/rachel/Documents/Cookbook/Pictures/20151107_164938.jpg, id=26, 3276.24pt
 x 2457.18pt>
File: /home/rachel/Documents/Cookbook/Pictures/20151107_164938.jpg Graphic file
 (type jpg)

<use /home/rachel/Documents/Cookbook/Pictures/20151107_164938.jpg>
Package pdftex.def Info: /home/rachel/Documents/Cookbook/Pictures/20151107_1649
38.jpg used on input line 83.
(pdftex.def)             Requested size: 202.71774pt x 152.03613pt.

</home/rachel/Documents/Cookbook/Pictures/20151107_191245.jpg, id=27, 3276.24pt
 x 2457.18pt>
File: /home/rachel/Documents/Cookbook/Pictures/20151107_191245.jpg Graphic file
 (type jpg)

<use /home/rachel/Documents/Cookbook/Pictures/20151107_191245.jpg>
Package pdftex.def Info: /home/rachel/Documents/Cookbook/Pictures/20151107_1912
45.jpg used on input line 85.
(pdftex.def)             Requested size: 202.71774pt x 152.03613pt.

</home/rachel/Documents/Cookbook/Pictures/20151107_185051.jpg, id=28, 3276.24pt
 x 2457.18pt>
File: /home/rachel/Documents/Cookbook/Pictures/20151107_185051.jpg Graphic file
 (type jpg)

<use /home/rachel/Documents/Cookbook/Pictures/20151107_185051.jpg>
Package pdftex.def Info: /home/rachel/Documents/Cookbook/Pictures/20151107_1850
51.jpg used on input line 87.
(pdftex.def)             Requested size: 3276.23206pt x 2457.17403pt.
LaTeX Font Info:    External font `cmex10' loaded for size
(Font)              <7> on input line 88.
LaTeX Font Info:    External font `cmex10' loaded for size
(Font)              <5> on input line 88.
LaTeX Font Info:    Try loading font information for OT1+lmss on input line 101
.

(/usr/share/texmf/tex/latex/lm/ot1lmss.fd
File: ot1lmss.fd 2009/10/30 v1.6 Font defs for Latin Modern
)
Underfull \hbox (badness 2799) in paragraph at lines 112--113
[]\OT1/cmr/m/n/10 Nulla scelerisque ef-fici-tur arcu sed vestibu-lum.
 []

[5




 </home/rachel/Documents/Cookbook/Pictures/20151107_164938.jpg> </home/rachel/D
ocuments/Cookbook/Pictures/20151107_191245.jpg> </home/rachel/Documents/Cookboo
k/Pictures/20151107_185051.jpg>]
</home/rachel/Documents/Cookbook/Pictures/20161121_192251.jpg, id=33, 5331.92pt
 x 2999.205pt>
File: /home/rachel/Documents/Cookbook/Pictures/20161121_192251.jpg Graphic file
 (type jpg)

<use /home/rachel/Documents/Cookbook/Pictures/20161121_192251.jpg>
Package pdftex.def Info: /home/rachel/Documents/Cookbook/Pictures/20161121_1922
51.jpg used on input line 126.
(pdftex.def)             Requested size: 5331.90706pt x 2999.19772pt.
*geometry* verbose mode - [ newgeometry ] result:
* driver: pdftex
* paper: custom
* layout: <same size as paper>
* layoutoffset:(h,v)=(0.0pt,0.0pt)
* modes: 
* h-part:(L,W,R)=(0.0pt, 596.2275pt, 0.0pt)
* v-part:(T,H,B)=(0.0pt, 596.2275pt, 0.0pt)
* \paperwidth=596.2275pt
* \paperheight=596.2275pt
* \textwidth=596.2275pt
* \textheight=596.2275pt
* \oddsidemargin=-72.26999pt
* \evensidemargin=-72.26999pt
* \topmargin=-109.26999pt
* \headheight=12.0pt
* \headsep=25.0pt
* \topskip=10.0pt
* \footskip=30.0pt
* \marginparwidth=65.0pt
* \marginparsep=11.0pt
* \columnsep=10.0pt
* \skip\footins=9.0pt plus 4.0pt minus 2.0pt
* \hoffset=0.0pt
* \voffset=0.0pt
* \mag=1000
* \@twocolumnfalse
* \@twosidefalse
* \@mparswitchfalse
* \@reversemarginfalse
* (1in=72.27pt=25.4mm, 1cm=28.453pt)



LaTeX Warning: No positions in optional float specifier.
               Default added (so using `tbp') on input line 129.

File: /home/rachel/Documents/Cookbook/Pictures/20161121_192251.jpg Graphic file
 (type jpg)
<use /home/rachel/Documents/Cookbook/Pictures/20161121_192251.jpg>
Package pdftex.def Info: /home/rachel/Documents/Cookbook/Pictures/20161121_1922
51.jpg used on input line 130.
(pdftex.def)             Requested size: 596.2275pt x 592.154pt.
 [6 </home/rachel/Documents/Cookbook/Pictures/20161121_192251.jpg>]
*geometry* verbose mode - [ newgeometry ] result:
* driver: pdftex
* paper: custom
* layout: <same size as paper>
* layoutoffset:(h,v)=(0.0pt,0.0pt)
* modes: 
* h-part:(L,W,R)=(89.43503pt, 506.79247pt, 0.0pt)
* v-part:(T,H,B)=(71.548pt, 417.35742pt, 107.32207pt)
* \paperwidth=596.2275pt
* \paperheight=596.2275pt
* \textwidth=506.79247pt
* \textheight=417.35742pt
* \oddsidemargin=17.16504pt
* \evensidemargin=17.16504pt
* \topmargin=-37.72198pt
* \headheight=12.0pt
* \headsep=25.0pt
* \topskip=10.0pt
* \footskip=30.0pt
* \marginparwidth=65.0pt
* \marginparsep=11.0pt
* \columnsep=10.0pt
* \skip\footins=9.0pt plus 4.0pt minus 2.0pt
* \hoffset=0.0pt
* \voffset=0.0pt
* \mag=1000
* \@twocolumnfalse
* \@twosidefalse
* \@mparswitchfalse
* \@reversemarginfalse
* (1in=72.27pt=25.4mm, 1cm=28.453pt)


</home/rachel/Documents/Cookbook/Pictures/20161119_161146.jpg, id=39, 5331.92pt
 x 2999.205pt>
File: /home/rachel/Documents/Cookbook/Pictures/20161119_161146.jpg Graphic file
 (type jpg)

<use /home/rachel/Documents/Cookbook/Pictures/20161119_161146.jpg>
Package pdftex.def Info: /home/rachel/Documents/Cookbook/Pictures/20161119_1611
46.jpg used on input line 149.
(pdftex.def)             Requested size: 202.71774pt x 140.45009pt.

</home/rachel/Documents/Cookbook/Pictures/20161119_164202.jpg, id=41, 5331.92pt
 x 2999.205pt>
File: /home/rachel/Documents/Cookbook/Pictures/20161119_164202.jpg Graphic file
 (type jpg)

<use /home/rachel/Documents/Cookbook/Pictures/20161119_164202.jpg>
Package pdftex.def Info: /home/rachel/Documents/Cookbook/Pictures/20161119_1642
02.jpg used on input line 151.
(pdftex.def)             Requested size: 202.71774pt x 147.26895pt.

</home/rachel/Documents/Cookbook/Pictures/20161121_190803.jpg, id=43, 5331.92pt
 x 2999.205pt>
File: /home/rachel/Documents/Cookbook/Pictures/20161121_190803.jpg Graphic file
 (type jpg)

<use /home/rachel/Documents/Cookbook/Pictures/20161121_190803.jpg>
Package pdftex.def Info: /home/rachel/Documents/Cookbook/Pictures/20161121_1908
03.jpg used on input line 153.
(pdftex.def)             Requested size: 4227.78206pt x 2999.19772pt.
 [7





 </home/rachel/Documents/Cookbook/Pictures/20161119_161146.jpg> </home/rachel/D
ocuments/Cookbook/Pictures/20161119_164202.jpg> </home/rachel/Documents/Cookboo
k/Pictures/20161121_190803.jpg>]
</home/rachel/Documents/Cookbook/Pictures/20161119_164214.jpg, id=53, 5331.92pt
 x 2999.205pt>
File: /home/rachel/Documents/Cookbook/Pictures/20161119_164214.jpg Graphic file
 (type jpg)

<use /home/rachel/Documents/Cookbook/Pictures/20161119_164214.jpg>
Package pdftex.def Info: /home/rachel/Documents/Cookbook/Pictures/20161119_1642
14.jpg used on input line 199.
(pdftex.def)             Requested size: 5331.90706pt x 2999.19772pt.
*geometry* verbose mode - [ newgeometry ] result:
* driver: pdftex
* paper: custom
* layout: <same size as paper>
* layoutoffset:(h,v)=(0.0pt,0.0pt)
* modes: 
* h-part:(L,W,R)=(0.0pt, 596.2275pt, 0.0pt)
* v-part:(T,H,B)=(0.0pt, 596.2275pt, 0.0pt)
* \paperwidth=596.2275pt
* \paperheight=596.2275pt
* \textwidth=596.2275pt
* \textheight=596.2275pt
* \oddsidemargin=-72.26999pt
* \evensidemargin=-72.26999pt
* \topmargin=-109.26999pt
* \headheight=12.0pt
* \headsep=25.0pt
* \topskip=10.0pt
* \footskip=30.0pt
* \marginparwidth=65.0pt
* \marginparsep=11.0pt
* \columnsep=10.0pt
* \skip\footins=9.0pt plus 4.0pt minus 2.0pt
* \hoffset=0.0pt
* \voffset=0.0pt
* \mag=1000
* \@twocolumnfalse
* \@twosidefalse
* \@mparswitchfalse
* \@reversemarginfalse
* (1in=72.27pt=25.4mm, 1cm=28.453pt)



LaTeX Warning: No positions in optional float specifier.
               Default added (so using `tbp') on input line 202.

File: /home/rachel/Documents/Cookbook/Pictures/20161119_164214.jpg Graphic file
 (type jpg)
<use /home/rachel/Documents/Cookbook/Pictures/20161119_164214.jpg>
Package pdftex.def Info: /home/rachel/Documents/Cookbook/Pictures/20161119_1642
14.jpg used on input line 203.
(pdftex.def)             Requested size: 596.2275pt x 611.77483pt.


LaTeX Warning: Float too large for page by 15.54733pt on input line 204.

[8 </home/rachel/Documents/Cookbook/Pictures/20161119_164214.jpg>]
*geometry* verbose mode - [ newgeometry ] result:
* driver: pdftex
* paper: custom
* layout: <same size as paper>
* layoutoffset:(h,v)=(0.0pt,0.0pt)
* modes: 
* h-part:(L,W,R)=(89.43503pt, 506.79247pt, 0.0pt)
* v-part:(T,H,B)=(71.548pt, 417.35742pt, 107.32207pt)
* \paperwidth=596.2275pt
* \paperheight=596.2275pt
* \textwidth=506.79247pt
* \textheight=417.35742pt
* \oddsidemargin=17.16504pt
* \evensidemargin=17.16504pt
* \topmargin=-37.72198pt
* \headheight=12.0pt
* \headsep=25.0pt
* \topskip=10.0pt
* \footskip=30.0pt
* \marginparwidth=65.0pt
* \marginparsep=11.0pt
* \columnsep=10.0pt
* \skip\footins=9.0pt plus 4.0pt minus 2.0pt
* \hoffset=0.0pt
* \voffset=0.0pt
* \mag=1000
* \@twocolumnfalse
* \@twosidefalse
* \@mparswitchfalse
* \@reversemarginfalse
* (1in=72.27pt=25.4mm, 1cm=28.453pt)


</home/rachel/Documents/Cookbook/Pictures/20161119_161229.jpg, id=59, 5331.92pt
 x 2999.205pt>
File: /home/rachel/Documents/Cookbook/Pictures/20161119_161229.jpg Graphic file
 (type jpg)

<use /home/rachel/Documents/Cookbook/Pictures/20161119_161229.jpg>
Package pdftex.def Info: /home/rachel/Documents/Cookbook/Pictures/20161119_1612
29.jpg used on input line 222.
(pdftex.def)             Requested size: 202.71774pt x 231.88681pt.

</home/rachel/Documents/Cookbook/Pictures/20161119_161220.jpg, id=61, 5331.92pt
 x 2999.205pt>
File: /home/rachel/Documents/Cookbook/Pictures/20161119_161220.jpg Graphic file
 (type jpg)

<use /home/rachel/Documents/Cookbook/Pictures/20161119_161220.jpg>
Package pdftex.def Info: /home/rachel/Documents/Cookbook/Pictures/20161119_1612
20.jpg used on input line 224.
(pdftex.def)             Requested size: 202.71774pt x 118.4833pt.

</home/rachel/Documents/Cookbook/Pictures/20170328_192842.jpg, id=63, 4047.12pt
 x 3035.34pt>
File: /home/rachel/Documents/Cookbook/Pictures/20170328_192842.jpg Graphic file
 (type jpg)

<use /home/rachel/Documents/Cookbook/Pictures/20170328_192842.jpg>
Package pdftex.def Info: /home/rachel/Documents/Cookbook/Pictures/20170328_1928
42.jpg used on input line 225.
(pdftex.def)             Requested size: 3745.98517pt x 2734.20763pt.
 [9





 </home/rachel/Documents/Cookbook/Pictures/20161119_161229.jpg> </home/rachel/D
ocuments/Cookbook/Pictures/20161119_161220.jpg> </home/rachel/Documents/Cookboo
k/Pictures/20170328_192842.jpg>] [10]
</home/rachel/Documents/Cookbook/Pictures/20161119_191451.jpg, id=74, 5331.92pt
 x 2999.205pt>
File: /home/rachel/Documents/Cookbook/Pictures/20161119_191451.jpg Graphic file
 (type jpg)

<use /home/rachel/Documents/Cookbook/Pictures/20161119_191451.jpg>
Package pdftex.def Info: /home/rachel/Documents/Cookbook/Pictures/20161119_1914
51.jpg used on input line 280.
(pdftex.def)             Requested size: 5331.90706pt x 2999.19772pt.
*geometry* verbose mode - [ newgeometry ] result:
* driver: pdftex
* paper: custom
* layout: <same size as paper>
* layoutoffset:(h,v)=(0.0pt,0.0pt)
* modes: 
* h-part:(L,W,R)=(0.0pt, 596.2275pt, 0.0pt)
* v-part:(T,H,B)=(0.0pt, 596.2275pt, 0.0pt)
* \paperwidth=596.2275pt
* \paperheight=596.2275pt
* \textwidth=596.2275pt
* \textheight=596.2275pt
* \oddsidemargin=-72.26999pt
* \evensidemargin=-72.26999pt
* \topmargin=-109.26999pt
* \headheight=12.0pt
* \headsep=25.0pt
* \topskip=10.0pt
* \footskip=30.0pt
* \marginparwidth=65.0pt
* \marginparsep=11.0pt
* \columnsep=10.0pt
* \skip\footins=9.0pt plus 4.0pt minus 2.0pt
* \hoffset=0.0pt
* \voffset=0.0pt
* \mag=1000
* \@twocolumnfalse
* \@twosidefalse
* \@mparswitchfalse
* \@reversemarginfalse
* (1in=72.27pt=25.4mm, 1cm=28.453pt)



LaTeX Warning: No positions in optional float specifier.
               Default added (so using `tbp') on input line 283.

File: /home/rachel/Documents/Cookbook/Pictures/20161119_191451.jpg Graphic file
 (type jpg)
<use /home/rachel/Documents/Cookbook/Pictures/20161119_191451.jpg>
Package pdftex.def Info: /home/rachel/Documents/Cookbook/Pictures/20161119_1914
51.jpg used on input line 285.
(pdftex.def)             Requested size: 596.2275pt x 591.45555pt.
 [11 </home/rachel/Documents/Cookbook/Pictures/20161119_191451.jpg>]
*geometry* verbose mode - [ newgeometry ] result:
* driver: pdftex
* paper: custom
* layout: <same size as paper>
* layoutoffset:(h,v)=(0.0pt,0.0pt)
* modes: 
* h-part:(L,W,R)=(89.43503pt, 506.79247pt, 0.0pt)
* v-part:(T,H,B)=(71.548pt, 417.35742pt, 107.32207pt)
* \paperwidth=596.2275pt
* \paperheight=596.2275pt
* \textwidth=506.79247pt
* \textheight=417.35742pt
* \oddsidemargin=17.16504pt
* \evensidemargin=17.16504pt
* \topmargin=-37.72198pt
* \headheight=12.0pt
* \headsep=25.0pt
* \topskip=10.0pt
* \footskip=30.0pt
* \marginparwidth=65.0pt
* \marginparsep=11.0pt
* \columnsep=10.0pt
* \skip\footins=9.0pt plus 4.0pt minus 2.0pt
* \hoffset=0.0pt
* \voffset=0.0pt
* \mag=1000
* \@twocolumnfalse
* \@twosidefalse
* \@mparswitchfalse
* \@reversemarginfalse
* (1in=72.27pt=25.4mm, 1cm=28.453pt)


</home/rachel/Documents/Cookbook/Pictures/20160108_203228.jpg, id=80, 5331.92pt
 x 2999.205pt>
File: /home/rachel/Documents/Cookbook/Pictures/20160108_203228.jpg Graphic file
 (type jpg)

<use /home/rachel/Documents/Cookbook/Pictures/20160108_203228.jpg>
Package pdftex.def Info: /home/rachel/Documents/Cookbook/Pictures/20160108_2032
28.jpg used on input line 304.
(pdftex.def)             Requested size: 5331.90706pt x 2999.19772pt.
*geometry* verbose mode - [ newgeometry ] result:
* driver: pdftex
* paper: custom
* layout: <same size as paper>
* layoutoffset:(h,v)=(0.0pt,0.0pt)
* modes: 
* h-part:(L,W,R)=(0.0pt, 596.2275pt, 0.0pt)
* v-part:(T,H,B)=(0.0pt, 596.2275pt, 0.0pt)
* \paperwidth=596.2275pt
* \paperheight=596.2275pt
* \textwidth=596.2275pt
* \textheight=596.2275pt
* \oddsidemargin=-72.26999pt
* \evensidemargin=-72.26999pt
* \topmargin=-109.26999pt
* \headheight=12.0pt
* \headsep=25.0pt
* \topskip=10.0pt
* \footskip=30.0pt
* \marginparwidth=65.0pt
* \marginparsep=11.0pt
* \columnsep=10.0pt
* \skip\footins=9.0pt plus 4.0pt minus 2.0pt
* \hoffset=0.0pt
* \voffset=0.0pt
* \mag=1000
* \@twocolumnfalse
* \@twosidefalse
* \@mparswitchfalse
* \@reversemarginfalse
* (1in=72.27pt=25.4mm, 1cm=28.453pt)



LaTeX Warning: No positions in optional float specifier.
               Default added (so using `tbp') on input line 307.

File: /home/rachel/Documents/Cookbook/Pictures/20160108_203228.jpg Graphic file
 (type jpg)
<use /home/rachel/Documents/Cookbook/Pictures/20160108_203228.jpg>
Package pdftex.def Info: /home/rachel/Documents/Cookbook/Pictures/20160108_2032
28.jpg used on input line 308.
(pdftex.def)             Requested size: 3998.93355pt x 2999.19772pt.


LaTeX Warning: Float too large for page by 198.72652pt on input line 309.

[12 </home/rachel/Documents/Cookbook/Pictures/20160108_203228.jpg>]
*geometry* verbose mode - [ newgeometry ] result:
* driver: pdftex
* paper: custom
* layout: <same size as paper>
* layoutoffset:(h,v)=(0.0pt,0.0pt)
* modes: 
* h-part:(L,W,R)=(89.43503pt, 506.79247pt, 0.0pt)
* v-part:(T,H,B)=(71.548pt, 417.35742pt, 107.32207pt)
* \paperwidth=596.2275pt
* \paperheight=596.2275pt
* \textwidth=506.79247pt
* \textheight=417.35742pt
* \oddsidemargin=17.16504pt
* \evensidemargin=17.16504pt
* \topmargin=-37.72198pt
* \headheight=12.0pt
* \headsep=25.0pt
* \topskip=10.0pt
* \footskip=30.0pt
* \marginparwidth=65.0pt
* \marginparsep=11.0pt
* \columnsep=10.0pt
* \skip\footins=9.0pt plus 4.0pt minus 2.0pt
* \hoffset=0.0pt
* \voffset=0.0pt
* \mag=1000
* \@twocolumnfalse
* \@twosidefalse
* \@mparswitchfalse
* \@reversemarginfalse
* (1in=72.27pt=25.4mm, 1cm=28.453pt)


</home/rachel/Documents/Cookbook/Pictures/20160320_202125.jpg, id=86, 5331.92pt
 x 2999.205pt>
File: /home/rachel/Documents/Cookbook/Pictures/20160320_202125.jpg Graphic file
 (type jpg)

<use /home/rachel/Documents/Cookbook/Pictures/20160320_202125.jpg>
Package pdftex.def Info: /home/rachel/Documents/Cookbook/Pictures/20160320_2021
25.jpg used on input line 327.
(pdftex.def)             Requested size: 202.71774pt x 113.99843pt.

</home/rachel/Documents/Cookbook/Pictures/20160108_203222.jpg, id=88, 5331.92pt
 x 2999.205pt>
File: /home/rachel/Documents/Cookbook/Pictures/20160108_203222.jpg Graphic file
 (type jpg)

<use /home/rachel/Documents/Cookbook/Pictures/20160108_203222.jpg>
Package pdftex.def Info: /home/rachel/Documents/Cookbook/Pictures/20160108_2032
22.jpg used on input line 329.
(pdftex.def)             Requested size: 354.75316pt x 199.53159pt.

Underfull \hbox (badness 2799) in paragraph at lines 354--355
[]\OT1/cmr/m/n/10 Nulla scelerisque ef-fici-tur arcu sed vestibu-lum.
 []

[13









 </home/rachel/Documents/Cookbook/Pictures/20160320_202125.jpg> </home/rachel/D
ocuments/Cookbook/Pictures/20160108_203222.jpg>]
</home/rachel/Documents/Cookbook/Pictures/20161125_192111.jpg, id=96, 5331.92pt
 x 2657.93pt>
File: /home/rachel/Documents/Cookbook/Pictures/20161125_192111.jpg Graphic file
 (type jpg)

<use /home/rachel/Documents/Cookbook/Pictures/20161125_192111.jpg>
Package pdftex.def Info: /home/rachel/Documents/Cookbook/Pictures/20161125_1921
11.jpg used on input line 383.
(pdftex.def)             Requested size: 4579.09456pt x 2457.17354pt.

Overfull \hbox (225.84377pt too wide) in paragraph at lines 381--385
 []$ 
 []

[14

 </home/rachel/Documents/Cookbook/Pictures/20161125_192111.jpg>]
</home/rachel/Documents/Cookbook/Pictures/20160108_203251_001.jpg, id=100, 5331
.92pt x 2999.205pt>
File: /home/rachel/Documents/Cookbook/Pictures/20160108_203251_001.jpg Graphic 
file (type jpg)

<use /home/rachel/Documents/Cookbook/Pictures/20160108_203251_001.jpg>
Package pdftex.def Info: /home/rachel/Documents/Cookbook/Pictures/20160108_2032
51_001.jpg used on input line 429.
(pdftex.def)             Requested size: 4579.09456pt x 2798.44772pt.

Overfull \hbox (225.84377pt too wide) in paragraph at lines 427--431
 []$ 
 []

[15

 </home/rachel/Documents/Cookbook/Pictures/20160108_203251_001.jpg>]
</home/rachel/Documents/Cookbook/Pictures/20161126_184847.jpg, id=104, 5331.92p
t x 2999.205pt>
File: /home/rachel/Documents/Cookbook/Pictures/20161126_184847.jpg Graphic file
 (type jpg)

<use /home/rachel/Documents/Cookbook/Pictures/20161126_184847.jpg>
Package pdftex.def Info: /home/rachel/Documents/Cookbook/Pictures/20161126_1848
47.jpg used on input line 469.
(pdftex.def)             Requested size: 5331.90706pt x 2999.19772pt.
*geometry* verbose mode - [ newgeometry ] result:
* driver: pdftex
* paper: custom
* layout: <same size as paper>
* layoutoffset:(h,v)=(0.0pt,0.0pt)
* modes: 
* h-part:(L,W,R)=(0.0pt, 596.2275pt, 0.0pt)
* v-part:(T,H,B)=(0.0pt, 596.2275pt, 0.0pt)
* \paperwidth=596.2275pt
* \paperheight=596.2275pt
* \textwidth=596.2275pt
* \textheight=596.2275pt
* \oddsidemargin=-72.26999pt
* \evensidemargin=-72.26999pt
* \topmargin=-109.26999pt
* \headheight=12.0pt
* \headsep=25.0pt
* \topskip=10.0pt
* \footskip=30.0pt
* \marginparwidth=65.0pt
* \marginparsep=11.0pt
* \columnsep=10.0pt
* \skip\footins=9.0pt plus 4.0pt minus 2.0pt
* \hoffset=0.0pt
* \voffset=0.0pt
* \mag=1000
* \@twocolumnfalse
* \@twosidefalse
* \@mparswitchfalse
* \@reversemarginfalse
* (1in=72.27pt=25.4mm, 1cm=28.453pt)



LaTeX Warning: No positions in optional float specifier.
               Default added (so using `tbp') on input line 472.

File: /home/rachel/Documents/Cookbook/Pictures/20161126_184847.jpg Graphic file
 (type jpg)
<use /home/rachel/Documents/Cookbook/Pictures/20161126_184847.jpg>
Package pdftex.def Info: /home/rachel/Documents/Cookbook/Pictures/20161126_1848
47.jpg used on input line 473.
(pdftex.def)             Requested size: 3826.28206pt x 2999.19772pt.


LaTeX Warning: Float too large for page by 164.40486pt on input line 474.

[16 </home/rachel/Documents/Cookbook/Pictures/20161126_184847.jpg>]
*geometry* verbose mode - [ newgeometry ] result:
* driver: pdftex
* paper: custom
* layout: <same size as paper>
* layoutoffset:(h,v)=(0.0pt,0.0pt)
* modes: 
* h-part:(L,W,R)=(89.43503pt, 506.79247pt, 0.0pt)
* v-part:(T,H,B)=(71.548pt, 417.35742pt, 107.32207pt)
* \paperwidth=596.2275pt
* \paperheight=596.2275pt
* \textwidth=506.79247pt
* \textheight=417.35742pt
* \oddsidemargin=17.16504pt
* \evensidemargin=17.16504pt
* \topmargin=-37.72198pt
* \headheight=12.0pt
* \headsep=25.0pt
* \topskip=10.0pt
* \footskip=30.0pt
* \marginparwidth=65.0pt
* \marginparsep=11.0pt
* \columnsep=10.0pt
* \skip\footins=9.0pt plus 4.0pt minus 2.0pt
* \hoffset=0.0pt
* \voffset=0.0pt
* \mag=1000
* \@twocolumnfalse
* \@twosidefalse
* \@mparswitchfalse
* \@reversemarginfalse
* (1in=72.27pt=25.4mm, 1cm=28.453pt)


</home/rachel/Documents/Cookbook/Pictures/20161126_183746.jpg, id=110, 5331.92p
t x 2999.205pt>
File: /home/rachel/Documents/Cookbook/Pictures/20161126_183746.jpg Graphic file
 (type jpg)

<use /home/rachel/Documents/Cookbook/Pictures/20161126_183746.jpg>
Package pdftex.def Info: /home/rachel/Documents/Cookbook/Pictures/20161126_1837
46.jpg used on input line 494.
(pdftex.def)             Requested size: 202.71774pt x 172.43922pt.

</home/rachel/Documents/Cookbook/Pictures/20161126_184828.jpg, id=112, 5331.92p
t x 2999.205pt>
File: /home/rachel/Documents/Cookbook/Pictures/20161126_184828.jpg Graphic file
 (type jpg)

<use /home/rachel/Documents/Cookbook/Pictures/20161126_184828.jpg>
Package pdftex.def Info: /home/rachel/Documents/Cookbook/Pictures/20161126_1848
28.jpg used on input line 496.
(pdftex.def)             Requested size: 202.71774pt x 172.43922pt.

</home/rachel/Documents/Cookbook/Pictures/20161126_183728.jpg, id=114, 5331.92p
t x 2999.205pt>
File: /home/rachel/Documents/Cookbook/Pictures/20161126_183728.jpg Graphic file
 (type jpg)

<use /home/rachel/Documents/Cookbook/Pictures/20161126_183728.jpg>
Package pdftex.def Info: /home/rachel/Documents/Cookbook/Pictures/20161126_1837
28.jpg used on input line 498.
(pdftex.def)             Requested size: 4528.90706pt x 2999.19772pt.
 [17





 </home/rachel/Documents/Cookbook/Pictures/20161126_183746.jpg> </home/rachel/D
ocuments/Cookbook/Pictures/20161126_184828.jpg> </home/rachel/Documents/Cookboo
k/Pictures/20161126_183728.jpg>]
</home/rachel/Documents/Cookbook/Pictures/placeholder.png, id=123, 252.945pt x 
144.54pt>
File: /home/rachel/Documents/Cookbook/Pictures/placeholder.png Graphic file (ty
pe png)
 <use /home/rachel/Documents/Cookbook/Pictures/placeholder.png>
Package pdftex.def Info: /home/rachel/Documents/Cookbook/Pictures/placeholder.p
ng used on input line 552.
(pdftex.def)             Requested size: 252.94438pt x 144.53963pt.

Overfull \hbox (225.84377pt too wide) in paragraph at lines 550--554
 []$ 
 []

[18

 </home/rachel/Documents/Cookbook/Pictures/placeholder.png>]
</home/rachel/Documents/Cookbook/Pictures/IMG-20161126-WA00002.jpg, id=129, 133
2.98pt x 319.1925pt>
File: /home/rachel/Documents/Cookbook/Pictures/IMG-20161126-WA00002.jpg Graphic
 file (type jpg)

<use /home/rachel/Documents/Cookbook/Pictures/IMG-20161126-WA00002.jpg>
Package pdftex.def Info: /home/rachel/Documents/Cookbook/Pictures/IMG-20161126-
WA00002.jpg used on input line 602.
(pdftex.def)             Requested size: 931.47675pt x 319.19171pt.

Overfull \hbox (225.84377pt too wide) in paragraph at lines 600--604
 []$ 
 []

[19

 </home/rachel/Documents/Cookbook/Pictures/IMG-20161126-WA00002.jpg>]
File: /home/rachel/Documents/Cookbook/Pictures/placeholder.png Graphic file (ty
pe png)

<use /home/rachel/Documents/Cookbook/Pictures/placeholder.png>
Package pdftex.def Info: /home/rachel/Documents/Cookbook/Pictures/placeholder.p
ng used on input line 651.
(pdftex.def)             Requested size: 252.94438pt x 144.53963pt.

Overfull \hbox (225.84377pt too wide) in paragraph at lines 649--653
 []$ 
 []

[20

]
</home/rachel/Documents/Cookbook/Pictures/20161126_202812.jpg, id=139, 5331.92p
t x 2999.205pt>
File: /home/rachel/Documents/Cookbook/Pictures/20161126_202812.jpg Graphic file
 (type jpg)

<use /home/rachel/Documents/Cookbook/Pictures/20161126_202812.jpg>
Package pdftex.def Info: /home/rachel/Documents/Cookbook/Pictures/20161126_2028
12.jpg used on input line 688.
(pdftex.def)             Requested size: 5331.90706pt x 2999.19772pt.
*geometry* verbose mode - [ newgeometry ] result:
* driver: pdftex
* paper: custom
* layout: <same size as paper>
* layoutoffset:(h,v)=(0.0pt,0.0pt)
* modes: 
* h-part:(L,W,R)=(0.0pt, 596.2275pt, 0.0pt)
* v-part:(T,H,B)=(0.0pt, 596.2275pt, 0.0pt)
* \paperwidth=596.2275pt
* \paperheight=596.2275pt
* \textwidth=596.2275pt
* \textheight=596.2275pt
* \oddsidemargin=-72.26999pt
* \evensidemargin=-72.26999pt
* \topmargin=-109.26999pt
* \headheight=12.0pt
* \headsep=25.0pt
* \topskip=10.0pt
* \footskip=30.0pt
* \marginparwidth=65.0pt
* \marginparsep=11.0pt
* \columnsep=10.0pt
* \skip\footins=9.0pt plus 4.0pt minus 2.0pt
* \hoffset=0.0pt
* \voffset=0.0pt
* \mag=1000
* \@twocolumnfalse
* \@twosidefalse
* \@mparswitchfalse
* \@reversemarginfalse
* (1in=72.27pt=25.4mm, 1cm=28.453pt)



LaTeX Warning: No positions in optional float specifier.
               Default added (so using `tbp') on input line 691.

File: /home/rachel/Documents/Cookbook/Pictures/20161126_202812.jpg Graphic file
 (type jpg)
<use /home/rachel/Documents/Cookbook/Pictures/20161126_202812.jpg>
Package pdftex.def Info: /home/rachel/Documents/Cookbook/Pictures/20161126_2028
12.jpg used on input line 692.
(pdftex.def)             Requested size: 3826.28206pt x 2999.19772pt.


LaTeX Warning: Float too large for page by 164.40486pt on input line 693.

[21 </home/rachel/Documents/Cookbook/Pictures/20161126_202812.jpg>]
*geometry* verbose mode - [ newgeometry ] result:
* driver: pdftex
* paper: custom
* layout: <same size as paper>
* layoutoffset:(h,v)=(0.0pt,0.0pt)
* modes: 
* h-part:(L,W,R)=(89.43503pt, 506.79247pt, 0.0pt)
* v-part:(T,H,B)=(71.548pt, 417.35742pt, 107.32207pt)
* \paperwidth=596.2275pt
* \paperheight=596.2275pt
* \textwidth=506.79247pt
* \textheight=417.35742pt
* \oddsidemargin=17.16504pt
* \evensidemargin=17.16504pt
* \topmargin=-37.72198pt
* \headheight=12.0pt
* \headsep=25.0pt
* \topskip=10.0pt
* \footskip=30.0pt
* \marginparwidth=65.0pt
* \marginparsep=11.0pt
* \columnsep=10.0pt
* \skip\footins=9.0pt plus 4.0pt minus 2.0pt
* \hoffset=0.0pt
* \voffset=0.0pt
* \mag=1000
* \@twocolumnfalse
* \@twosidefalse
* \@mparswitchfalse
* \@reversemarginfalse
* (1in=72.27pt=25.4mm, 1cm=28.453pt)


</home/rachel/Documents/Cookbook/Pictures/20161126_204028.jpg, id=145, 5331.92p
t x 2999.205pt>
File: /home/rachel/Documents/Cookbook/Pictures/20161126_204028.jpg Graphic file
 (type jpg)

<use /home/rachel/Documents/Cookbook/Pictures/20161126_204028.jpg>
Package pdftex.def Info: /home/rachel/Documents/Cookbook/Pictures/20161126_2040
28.jpg used on input line 713.
(pdftex.def)             Requested size: 202.71774pt x 113.99843pt.

</home/rachel/Documents/Cookbook/Pictures/20161126_203953.jpg, id=147, 5331.92p
t x 2999.205pt>
File: /home/rachel/Documents/Cookbook/Pictures/20161126_203953.jpg Graphic file
 (type jpg)

<use /home/rachel/Documents/Cookbook/Pictures/20161126_203953.jpg>
Package pdftex.def Info: /home/rachel/Documents/Cookbook/Pictures/20161126_2039
53.jpg used on input line 715.
(pdftex.def)             Requested size: 4830.03206pt x 2999.19772pt.

</home/rachel/Documents/Cookbook/Pictures/20161126_204008.jpg, id=149, 5331.92p
t x 2999.205pt>
File: /home/rachel/Documents/Cookbook/Pictures/20161126_204008.jpg Graphic file
 (type jpg)

<use /home/rachel/Documents/Cookbook/Pictures/20161126_204008.jpg>
Package pdftex.def Info: /home/rachel/Documents/Cookbook/Pictures/20161126_2040
08.jpg used on input line 717.
(pdftex.def)             Requested size: 3424.78206pt x 2999.19772pt.
 [22





 </home/rachel/Documents/Cookbook/Pictures/20161126_204028.jpg> </home/rachel/D
ocuments/Cookbook/Pictures/20161126_203953.jpg> </home/rachel/Documents/Cookboo
k/Pictures/20161126_204008.jpg>] (./cookbook.aux) ) 
Here is how much of TeX's memory you used:
 11326 strings out of 495028
 214473 string characters out of 6181498
 348029 words of memory out of 5000000
 14272 multiletter control sequences out of 15000+600000
 10961 words of font info for 30 fonts, out of 8000000 for 9000
 14 hyphenation exceptions out of 8191
 56i,11n,55p,766b,315s stack positions out of 5000i,500n,10000p,200000b,80000s
{/usr/share/texmf/fonts/enc/
dvips/lm/lm-rm.enc}</usr/share/texlive/texmf-dist/fonts/type1/public/amsfonts/c
m/cmbx10.pfb></usr/share/texlive/texmf-dist/fonts/type1/public/amsfonts/cm/cmbx
12.pfb></usr/share/texlive/texmf-dist/fonts/type1/public/amsfonts/cm/cmr10.pfb>
</usr/share/texlive/texmf-dist/fonts/type1/public/amsfonts/cm/cmr12.pfb></usr/s
hare/texlive/texmf-dist/fonts/type1/public/amsfonts/cm/cmr17.pfb></usr/share/te
xlive/texmf-dist/fonts/type1/public/amsfonts/cm/cmsy7.pfb></usr/share/texlive/t
exmf-dist/fonts/type1/public/amsfonts/cm/cmti10.pfb></usr/share/texmf/fonts/typ
e1/public/lm/lmss10.pfb>
Output written on cookbook.pdf (22 pages, 100481028 bytes).
PDF statistics:
 186 PDF objects out of 1000 (max. 8388607)
 101 compressed objects within 2 object streams
 0 named destinations out of 1000 (max. 500000)
 285 words of extra memory for PDF output out of 10000 (max. 10000000)

